  dllmain.cpp
C:\Program Files (x86)\Windows Kits\10\Include\10.0.26100.0\um\winnt.h(2611,9): warning C4005: STATUS_WAIT_0: изменение макроопределения
  (компиляция исходного файла "dllmain.cpp")
      C:\Program Files (x86)\Windows Kits\10\Include\10.0.26100.0\shared\ntstatus.h(66,9):
      см. предыдущее определение "STATUS_WAIT_0"
  
C:\Program Files (x86)\Windows Kits\10\Include\10.0.26100.0\um\winnt.h(2612,9): warning C4005: STATUS_ABANDONED_WAIT_0: изменение макроопределения
  (компиляция исходного файла "dllmain.cpp")
      C:\Program Files (x86)\Windows Kits\10\Include\10.0.26100.0\shared\ntstatus.h(226,9):
      см. предыдущее определение "STATUS_ABANDONED_WAIT_0"
  
C:\Program Files (x86)\Windows Kits\10\Include\10.0.26100.0\um\winnt.h(2613,9): warning C4005: STATUS_USER_APC: изменение макроопределения
  (компиляция исходного файла "dllmain.cpp")
      C:\Program Files (x86)\Windows Kits\10\Include\10.0.26100.0\shared\ntstatus.h(249,9):
      см. предыдущее определение "STATUS_USER_APC"
  
C:\Program Files (x86)\Windows Kits\10\Include\10.0.26100.0\um\winnt.h(2614,9): warning C4005: STATUS_TIMEOUT: изменение макроопределения
  (компиляция исходного файла "dllmain.cpp")
      C:\Program Files (x86)\Windows Kits\10\Include\10.0.26100.0\shared\ntstatus.h(285,9):
      см. предыдущее определение "STATUS_TIMEOUT"
  
C:\Program Files (x86)\Windows Kits\10\Include\10.0.26100.0\um\winnt.h(2615,9): warning C4005: STATUS_PENDING: изменение макроопределения
  (компиляция исходного файла "dllmain.cpp")
      C:\Program Files (x86)\Windows Kits\10\Include\10.0.26100.0\shared\ntstatus.h(294,9):
      см. предыдущее определение "STATUS_PENDING"
  
C:\Program Files (x86)\Windows Kits\10\Include\10.0.26100.0\um\winnt.h(2616,9): warning C4005: DBG_EXCEPTION_HANDLED: изменение макроопределения
  (компиляция исходного файла "dllmain.cpp")
      C:\Program Files (x86)\Windows Kits\10\Include\10.0.26100.0\shared\ntstatus.h(750,9):
      см. предыдущее определение "DBG_EXCEPTION_HANDLED"
  
C:\Program Files (x86)\Windows Kits\10\Include\10.0.26100.0\um\winnt.h(2617,9): warning C4005: DBG_CONTINUE: изменение макроопределения
  (компиляция исходного файла "dllmain.cpp")
      C:\Program Files (x86)\Windows Kits\10\Include\10.0.26100.0\shared\ntstatus.h(759,9):
      см. предыдущее определение "DBG_CONTINUE"
  
C:\Program Files (x86)\Windows Kits\10\Include\10.0.26100.0\um\winnt.h(2618,9): warning C4005: STATUS_SEGMENT_NOTIFICATION: изменение макроопределения
  (компиляция исходного файла "dllmain.cpp")
      C:\Program Files (x86)\Windows Kits\10\Include\10.0.26100.0\shared\ntstatus.h(834,9):
      см. предыдущее определение "STATUS_SEGMENT_NOTIFICATION"
  
C:\Program Files (x86)\Windows Kits\10\Include\10.0.26100.0\um\winnt.h(2619,9): warning C4005: STATUS_FATAL_APP_EXIT: изменение макроопределения
  (компиляция исходного файла "dllmain.cpp")
      C:\Program Files (x86)\Windows Kits\10\Include\10.0.26100.0\shared\ntstatus.h(997,9):
      см. предыдущее определение "STATUS_FATAL_APP_EXIT"
  
C:\Program Files (x86)\Windows Kits\10\Include\10.0.26100.0\um\winnt.h(2620,9): warning C4005: DBG_REPLY_LATER: изменение макроопределения
  (компиляция исходного файла "dllmain.cpp")
      C:\Program Files (x86)\Windows Kits\10\Include\10.0.26100.0\shared\ntstatus.h(1344,9):
      см. предыдущее определение "DBG_REPLY_LATER"
  
C:\Program Files (x86)\Windows Kits\10\Include\10.0.26100.0\um\winnt.h(2621,9): warning C4005: DBG_TERMINATE_THREAD: изменение макроопределения
  (компиляция исходного файла "dllmain.cpp")
      C:\Program Files (x86)\Windows Kits\10\Include\10.0.26100.0\shared\ntstatus.h(1362,9):
      см. предыдущее определение "DBG_TERMINATE_THREAD"
  
C:\Program Files (x86)\Windows Kits\10\Include\10.0.26100.0\um\winnt.h(2622,9): warning C4005: DBG_TERMINATE_PROCESS: изменение макроопределения
  (компиляция исходного файла "dllmain.cpp")
      C:\Program Files (x86)\Windows Kits\10\Include\10.0.26100.0\shared\ntstatus.h(1371,9):
      см. предыдущее определение "DBG_TERMINATE_PROCESS"
  
C:\Program Files (x86)\Windows Kits\10\Include\10.0.26100.0\um\winnt.h(2623,9): warning C4005: DBG_CONTROL_C: изменение макроопределения
  (компиляция исходного файла "dllmain.cpp")
      C:\Program Files (x86)\Windows Kits\10\Include\10.0.26100.0\shared\ntstatus.h(1380,9):
      см. предыдущее определение "DBG_CONTROL_C"
  
C:\Program Files (x86)\Windows Kits\10\Include\10.0.26100.0\um\winnt.h(2624,9): warning C4005: DBG_PRINTEXCEPTION_C: изменение макроопределения
  (компиляция исходного файла "dllmain.cpp")
      C:\Program Files (x86)\Windows Kits\10\Include\10.0.26100.0\shared\ntstatus.h(1389,9):
      см. предыдущее определение "DBG_PRINTEXCEPTION_C"
  
C:\Program Files (x86)\Windows Kits\10\Include\10.0.26100.0\um\winnt.h(2625,9): warning C4005: DBG_RIPEXCEPTION: изменение макроопределения
  (компиляция исходного файла "dllmain.cpp")
      C:\Program Files (x86)\Windows Kits\10\Include\10.0.26100.0\shared\ntstatus.h(1398,9):
      см. предыдущее определение "DBG_RIPEXCEPTION"
  
C:\Program Files (x86)\Windows Kits\10\Include\10.0.26100.0\um\winnt.h(2626,9): warning C4005: DBG_CONTROL_BREAK: изменение макроопределения
  (компиляция исходного файла "dllmain.cpp")
      C:\Program Files (x86)\Windows Kits\10\Include\10.0.26100.0\shared\ntstatus.h(1407,9):
      см. предыдущее определение "DBG_CONTROL_BREAK"
  
C:\Program Files (x86)\Windows Kits\10\Include\10.0.26100.0\um\winnt.h(2627,9): warning C4005: DBG_COMMAND_EXCEPTION: изменение макроопределения
  (компиляция исходного файла "dllmain.cpp")
      C:\Program Files (x86)\Windows Kits\10\Include\10.0.26100.0\shared\ntstatus.h(1416,9):
      см. предыдущее определение "DBG_COMMAND_EXCEPTION"
  
C:\Program Files (x86)\Windows Kits\10\Include\10.0.26100.0\um\winnt.h(2628,9): warning C4005: DBG_PRINTEXCEPTION_WIDE_C: изменение макроопределения
  (компиляция исходного файла "dllmain.cpp")
      C:\Program Files (x86)\Windows Kits\10\Include\10.0.26100.0\shared\ntstatus.h(1425,9):
      см. предыдущее определение "DBG_PRINTEXCEPTION_WIDE_C"
  
C:\Program Files (x86)\Windows Kits\10\Include\10.0.26100.0\um\winnt.h(2629,9): warning C4005: STATUS_GUARD_PAGE_VIOLATION: изменение макроопределения
  (компиляция исходного файла "dllmain.cpp")
      C:\Program Files (x86)\Windows Kits\10\Include\10.0.26100.0\shared\ntstatus.h(1457,9):
      см. предыдущее определение "STATUS_GUARD_PAGE_VIOLATION"
  
C:\Program Files (x86)\Windows Kits\10\Include\10.0.26100.0\um\winnt.h(2630,9): warning C4005: STATUS_DATATYPE_MISALIGNMENT: изменение макроопределения
  (компиляция исходного файла "dllmain.cpp")
      C:\Program Files (x86)\Windows Kits\10\Include\10.0.26100.0\shared\ntstatus.h(1468,9):
      см. предыдущее определение "STATUS_DATATYPE_MISALIGNMENT"
  
C:\Program Files (x86)\Windows Kits\10\Include\10.0.26100.0\um\winnt.h(2631,9): warning C4005: STATUS_BREAKPOINT: изменение макроопределения
  (компиляция исходного файла "dllmain.cpp")
      C:\Program Files (x86)\Windows Kits\10\Include\10.0.26100.0\shared\ntstatus.h(1479,9):
      см. предыдущее определение "STATUS_BREAKPOINT"
  
C:\Program Files (x86)\Windows Kits\10\Include\10.0.26100.0\um\winnt.h(2632,9): warning C4005: STATUS_SINGLE_STEP: изменение макроопределения
  (компиляция исходного файла "dllmain.cpp")
      C:\Program Files (x86)\Windows Kits\10\Include\10.0.26100.0\shared\ntstatus.h(1490,9):
      см. предыдущее определение "STATUS_SINGLE_STEP"
  
C:\Program Files (x86)\Windows Kits\10\Include\10.0.26100.0\um\winnt.h(2633,9): warning C4005: STATUS_LONGJUMP: изменение макроопределения
  (компиляция исходного файла "dllmain.cpp")
      C:\Program Files (x86)\Windows Kits\10\Include\10.0.26100.0\shared\ntstatus.h(1793,9):
      см. предыдущее определение "STATUS_LONGJUMP"
  
C:\Program Files (x86)\Windows Kits\10\Include\10.0.26100.0\um\winnt.h(2634,9): warning C4005: STATUS_UNWIND_CONSOLIDATE: изменение макроопределения
  (компиляция исходного файла "dllmain.cpp")
      C:\Program Files (x86)\Windows Kits\10\Include\10.0.26100.0\shared\ntstatus.h(1820,9):
      см. предыдущее определение "STATUS_UNWIND_CONSOLIDATE"
  
C:\Program Files (x86)\Windows Kits\10\Include\10.0.26100.0\um\winnt.h(2635,9): warning C4005: DBG_EXCEPTION_NOT_HANDLED: изменение макроопределения
  (компиляция исходного файла "dllmain.cpp")
      C:\Program Files (x86)\Windows Kits\10\Include\10.0.26100.0\shared\ntstatus.h(1944,9):
      см. предыдущее определение "DBG_EXCEPTION_NOT_HANDLED"
  
C:\Program Files (x86)\Windows Kits\10\Include\10.0.26100.0\um\winnt.h(2636,9): warning C4005: STATUS_ACCESS_VIOLATION: изменение макроопределения
  (компиляция исходного файла "dllmain.cpp")
      C:\Program Files (x86)\Windows Kits\10\Include\10.0.26100.0\shared\ntstatus.h(2111,9):
      см. предыдущее определение "STATUS_ACCESS_VIOLATION"
  
C:\Program Files (x86)\Windows Kits\10\Include\10.0.26100.0\um\winnt.h(2637,9): warning C4005: STATUS_IN_PAGE_ERROR: изменение макроопределения
  (компиляция исходного файла "dllmain.cpp")
      C:\Program Files (x86)\Windows Kits\10\Include\10.0.26100.0\shared\ntstatus.h(2120,9):
      см. предыдущее определение "STATUS_IN_PAGE_ERROR"
  
C:\Program Files (x86)\Windows Kits\10\Include\10.0.26100.0\um\winnt.h(2638,9): warning C4005: STATUS_INVALID_HANDLE: изменение макроопределения
  (компиляция исходного файла "dllmain.cpp")
      C:\Program Files (x86)\Windows Kits\10\Include\10.0.26100.0\shared\ntstatus.h(2138,9):
      см. предыдущее определение "STATUS_INVALID_HANDLE"
  
C:\Program Files (x86)\Windows Kits\10\Include\10.0.26100.0\um\winnt.h(2639,9): warning C4005: STATUS_INVALID_PARAMETER: изменение макроопределения
  (компиляция исходного файла "dllmain.cpp")
      C:\Program Files (x86)\Windows Kits\10\Include\10.0.26100.0\shared\ntstatus.h(2183,9):
      см. предыдущее определение "STATUS_INVALID_PARAMETER"
  
C:\Program Files (x86)\Windows Kits\10\Include\10.0.26100.0\um\winnt.h(2640,9): warning C4005: STATUS_NO_MEMORY: изменение макроопределения
  (компиляция исходного файла "dllmain.cpp")
      C:\Program Files (x86)\Windows Kits\10\Include\10.0.26100.0\shared\ntstatus.h(2283,9):
      см. предыдущее определение "STATUS_NO_MEMORY"
  
C:\Program Files (x86)\Windows Kits\10\Include\10.0.26100.0\um\winnt.h(2641,9): warning C4005: STATUS_ILLEGAL_INSTRUCTION: изменение макроопределения
  (компиляция исходного файла "dllmain.cpp")
      C:\Program Files (x86)\Windows Kits\10\Include\10.0.26100.0\shared\ntstatus.h(2340,9):
      см. предыдущее определение "STATUS_ILLEGAL_INSTRUCTION"
  
C:\Program Files (x86)\Windows Kits\10\Include\10.0.26100.0\um\winnt.h(2642,9): warning C4005: STATUS_NONCONTINUABLE_EXCEPTION: изменение макроопределения
  (компиляция исходного файла "dllmain.cpp")
      C:\Program Files (x86)\Windows Kits\10\Include\10.0.26100.0\shared\ntstatus.h(2421,9):
      см. предыдущее определение "STATUS_NONCONTINUABLE_EXCEPTION"
  
C:\Program Files (x86)\Windows Kits\10\Include\10.0.26100.0\um\winnt.h(2643,9): warning C4005: STATUS_INVALID_DISPOSITION: изменение макроопределения
  (компиляция исходного файла "dllmain.cpp")
      C:\Program Files (x86)\Windows Kits\10\Include\10.0.26100.0\shared\ntstatus.h(2430,9):
      см. предыдущее определение "STATUS_INVALID_DISPOSITION"
  
C:\Program Files (x86)\Windows Kits\10\Include\10.0.26100.0\um\winnt.h(2644,9): warning C4005: STATUS_ARRAY_BOUNDS_EXCEEDED: изменение макроопределения
  (компиляция исходного файла "dllmain.cpp")
      C:\Program Files (x86)\Windows Kits\10\Include\10.0.26100.0\shared\ntstatus.h(3363,9):
      см. предыдущее определение "STATUS_ARRAY_BOUNDS_EXCEEDED"
  
C:\Program Files (x86)\Windows Kits\10\Include\10.0.26100.0\um\winnt.h(2645,9): warning C4005: STATUS_FLOAT_DENORMAL_OPERAND: изменение макроопределения
  (компиляция исходного файла "dllmain.cpp")
      C:\Program Files (x86)\Windows Kits\10\Include\10.0.26100.0\shared\ntstatus.h(3373,9):
      см. предыдущее определение "STATUS_FLOAT_DENORMAL_OPERAND"
  
C:\Program Files (x86)\Windows Kits\10\Include\10.0.26100.0\um\winnt.h(2646,9): warning C4005: STATUS_FLOAT_DIVIDE_BY_ZERO: изменение макроопределения
  (компиляция исходного файла "dllmain.cpp")
      C:\Program Files (x86)\Windows Kits\10\Include\10.0.26100.0\shared\ntstatus.h(3383,9):
      см. предыдущее определение "STATUS_FLOAT_DIVIDE_BY_ZERO"
  
C:\Program Files (x86)\Windows Kits\10\Include\10.0.26100.0\um\winnt.h(2647,9): warning C4005: STATUS_FLOAT_INEXACT_RESULT: изменение макроопределения
  (компиляция исходного файла "dllmain.cpp")
      C:\Program Files (x86)\Windows Kits\10\Include\10.0.26100.0\shared\ntstatus.h(3393,9):
      см. предыдущее определение "STATUS_FLOAT_INEXACT_RESULT"
  
C:\Program Files (x86)\Windows Kits\10\Include\10.0.26100.0\um\winnt.h(2648,9): warning C4005: STATUS_FLOAT_INVALID_OPERATION: изменение макроопределения
  (компиляция исходного файла "dllmain.cpp")
      C:\Program Files (x86)\Windows Kits\10\Include\10.0.26100.0\shared\ntstatus.h(3403,9):
      см. предыдущее определение "STATUS_FLOAT_INVALID_OPERATION"
  
C:\Program Files (x86)\Windows Kits\10\Include\10.0.26100.0\um\winnt.h(2649,9): warning C4005: STATUS_FLOAT_OVERFLOW: изменение макроопределения
  (компиляция исходного файла "dllmain.cpp")
      C:\Program Files (x86)\Windows Kits\10\Include\10.0.26100.0\shared\ntstatus.h(3413,9):
      см. предыдущее определение "STATUS_FLOAT_OVERFLOW"
  
C:\Program Files (x86)\Windows Kits\10\Include\10.0.26100.0\um\winnt.h(2650,9): warning C4005: STATUS_FLOAT_STACK_CHECK: изменение макроопределения
  (компиляция исходного файла "dllmain.cpp")
      C:\Program Files (x86)\Windows Kits\10\Include\10.0.26100.0\shared\ntstatus.h(3423,9):
      см. предыдущее определение "STATUS_FLOAT_STACK_CHECK"
  
C:\Program Files (x86)\Windows Kits\10\Include\10.0.26100.0\um\winnt.h(2651,9): warning C4005: STATUS_FLOAT_UNDERFLOW: изменение макроопределения
  (компиляция исходного файла "dllmain.cpp")
      C:\Program Files (x86)\Windows Kits\10\Include\10.0.26100.0\shared\ntstatus.h(3433,9):
      см. предыдущее определение "STATUS_FLOAT_UNDERFLOW"
  
C:\Program Files (x86)\Windows Kits\10\Include\10.0.26100.0\um\winnt.h(2652,9): warning C4005: STATUS_INTEGER_DIVIDE_BY_ZERO: изменение макроопределения
  (компиляция исходного файла "dllmain.cpp")
      C:\Program Files (x86)\Windows Kits\10\Include\10.0.26100.0\shared\ntstatus.h(3443,9):
      см. предыдущее определение "STATUS_INTEGER_DIVIDE_BY_ZERO"
  
C:\Program Files (x86)\Windows Kits\10\Include\10.0.26100.0\um\winnt.h(2653,9): warning C4005: STATUS_INTEGER_OVERFLOW: изменение макроопределения
  (компиляция исходного файла "dllmain.cpp")
      C:\Program Files (x86)\Windows Kits\10\Include\10.0.26100.0\shared\ntstatus.h(3453,9):
      см. предыдущее определение "STATUS_INTEGER_OVERFLOW"
  
C:\Program Files (x86)\Windows Kits\10\Include\10.0.26100.0\um\winnt.h(2654,9): warning C4005: STATUS_PRIVILEGED_INSTRUCTION: изменение макроопределения
  (компиляция исходного файла "dllmain.cpp")
      C:\Program Files (x86)\Windows Kits\10\Include\10.0.26100.0\shared\ntstatus.h(3463,9):
      см. предыдущее определение "STATUS_PRIVILEGED_INSTRUCTION"
  
C:\Program Files (x86)\Windows Kits\10\Include\10.0.26100.0\um\winnt.h(2655,9): warning C4005: STATUS_STACK_OVERFLOW: изменение макроопределения
  (компиляция исходного файла "dllmain.cpp")
      C:\Program Files (x86)\Windows Kits\10\Include\10.0.26100.0\shared\ntstatus.h(4409,9):
      см. предыдущее определение "STATUS_STACK_OVERFLOW"
  
C:\Program Files (x86)\Windows Kits\10\Include\10.0.26100.0\um\winnt.h(2656,9): warning C4005: STATUS_DLL_NOT_FOUND: изменение макроопределения
  (компиляция исходного файла "dllmain.cpp")
      C:\Program Files (x86)\Windows Kits\10\Include\10.0.26100.0\shared\ntstatus.h(4926,9):
      см. предыдущее определение "STATUS_DLL_NOT_FOUND"
  
C:\Program Files (x86)\Windows Kits\10\Include\10.0.26100.0\um\winnt.h(2657,9): warning C4005: STATUS_ORDINAL_NOT_FOUND: изменение макроопределения
  (компиляция исходного файла "dllmain.cpp")
      C:\Program Files (x86)\Windows Kits\10\Include\10.0.26100.0\shared\ntstatus.h(4955,9):
      см. предыдущее определение "STATUS_ORDINAL_NOT_FOUND"
  
C:\Program Files (x86)\Windows Kits\10\Include\10.0.26100.0\um\winnt.h(2658,9): warning C4005: STATUS_ENTRYPOINT_NOT_FOUND: изменение макроопределения
  (компиляция исходного файла "dllmain.cpp")
      C:\Program Files (x86)\Windows Kits\10\Include\10.0.26100.0\shared\ntstatus.h(4965,9):
      см. предыдущее определение "STATUS_ENTRYPOINT_NOT_FOUND"
  
C:\Program Files (x86)\Windows Kits\10\Include\10.0.26100.0\um\winnt.h(2659,9): warning C4005: STATUS_CONTROL_C_EXIT: изменение макроопределения
  (компиляция исходного файла "dllmain.cpp")
      C:\Program Files (x86)\Windows Kits\10\Include\10.0.26100.0\shared\ntstatus.h(4975,9):
      см. предыдущее определение "STATUS_CONTROL_C_EXIT"
  
C:\Program Files (x86)\Windows Kits\10\Include\10.0.26100.0\um\winnt.h(2660,9): warning C4005: STATUS_DLL_INIT_FAILED: изменение макроопределения
  (компиляция исходного файла "dllmain.cpp")
      C:\Program Files (x86)\Windows Kits\10\Include\10.0.26100.0\shared\ntstatus.h(5053,9):
      см. предыдущее определение "STATUS_DLL_INIT_FAILED"
  
C:\Program Files (x86)\Windows Kits\10\Include\10.0.26100.0\um\winnt.h(2661,9): warning C4005: STATUS_CONTROL_STACK_VIOLATION: изменение макроопределения
  (компиляция исходного файла "dllmain.cpp")
      C:\Program Files (x86)\Windows Kits\10\Include\10.0.26100.0\shared\ntstatus.h(6050,9):
      см. предыдущее определение "STATUS_CONTROL_STACK_VIOLATION"
  
C:\Program Files (x86)\Windows Kits\10\Include\10.0.26100.0\um\winnt.h(2662,9): warning C4005: STATUS_FLOAT_MULTIPLE_FAULTS: изменение макроопределения
  (компиляция исходного файла "dllmain.cpp")
      C:\Program Files (x86)\Windows Kits\10\Include\10.0.26100.0\shared\ntstatus.h(7644,9):
      см. предыдущее определение "STATUS_FLOAT_MULTIPLE_FAULTS"
  
C:\Program Files (x86)\Windows Kits\10\Include\10.0.26100.0\um\winnt.h(2663,9): warning C4005: STATUS_FLOAT_MULTIPLE_TRAPS: изменение макроопределения
  (компиляция исходного файла "dllmain.cpp")
      C:\Program Files (x86)\Windows Kits\10\Include\10.0.26100.0\shared\ntstatus.h(7654,9):
      см. предыдущее определение "STATUS_FLOAT_MULTIPLE_TRAPS"
  
C:\Program Files (x86)\Windows Kits\10\Include\10.0.26100.0\um\winnt.h(2664,9): warning C4005: STATUS_REG_NAT_CONSUMPTION: изменение макроопределения
  (компиляция исходного файла "dllmain.cpp")
      C:\Program Files (x86)\Windows Kits\10\Include\10.0.26100.0\shared\ntstatus.h(7786,9):
      см. предыдущее определение "STATUS_REG_NAT_CONSUMPTION"
  
C:\Program Files (x86)\Windows Kits\10\Include\10.0.26100.0\um\winnt.h(2665,9): warning C4005: STATUS_HEAP_CORRUPTION: изменение макроопределения
  (компиляция исходного файла "dllmain.cpp")
      C:\Program Files (x86)\Windows Kits\10\Include\10.0.26100.0\shared\ntstatus.h(8769,9):
      см. предыдущее определение "STATUS_HEAP_CORRUPTION"
  
C:\Program Files (x86)\Windows Kits\10\Include\10.0.26100.0\um\winnt.h(2666,9): warning C4005: STATUS_STACK_BUFFER_OVERRUN: изменение макроопределения
  (компиляция исходного файла "dllmain.cpp")
      C:\Program Files (x86)\Windows Kits\10\Include\10.0.26100.0\shared\ntstatus.h(8997,9):
      см. предыдущее определение "STATUS_STACK_BUFFER_OVERRUN"
  
C:\Program Files (x86)\Windows Kits\10\Include\10.0.26100.0\um\winnt.h(2667,9): warning C4005: STATUS_INVALID_CRUNTIME_PARAMETER: изменение макроопределения
  (компиляция исходного файла "dllmain.cpp")
      C:\Program Files (x86)\Windows Kits\10\Include\10.0.26100.0\shared\ntstatus.h(9124,9):
      см. предыдущее определение "STATUS_INVALID_CRUNTIME_PARAMETER"
  
C:\Program Files (x86)\Windows Kits\10\Include\10.0.26100.0\um\winnt.h(2668,9): warning C4005: STATUS_ASSERTION_FAILURE: изменение макроопределения
  (компиляция исходного файла "dllmain.cpp")
      C:\Program Files (x86)\Windows Kits\10\Include\10.0.26100.0\shared\ntstatus.h(9187,9):
      см. предыдущее определение "STATUS_ASSERTION_FAILURE"
  
C:\Program Files (x86)\Windows Kits\10\Include\10.0.26100.0\um\winnt.h(2669,9): warning C4005: STATUS_ENCLAVE_VIOLATION: изменение макроопределения
  (компиляция исходного файла "dllmain.cpp")
      C:\Program Files (x86)\Windows Kits\10\Include\10.0.26100.0\shared\ntstatus.h(10096,9):
      см. предыдущее определение "STATUS_ENCLAVE_VIOLATION"
  
C:\Program Files (x86)\Windows Kits\10\Include\10.0.26100.0\um\winnt.h(2670,9): warning C4005: STATUS_INTERRUPTED: изменение макроопределения
  (компиляция исходного файла "dllmain.cpp")
      C:\Program Files (x86)\Windows Kits\10\Include\10.0.26100.0\shared\ntstatus.h(10883,9):
      см. предыдущее определение "STATUS_INTERRUPTED"
  
C:\Program Files (x86)\Windows Kits\10\Include\10.0.26100.0\um\winnt.h(2671,9): warning C4005: STATUS_THREAD_NOT_RUNNING: изменение макроопределения
  (компиляция исходного файла "dllmain.cpp")
      C:\Program Files (x86)\Windows Kits\10\Include\10.0.26100.0\shared\ntstatus.h(10892,9):
      см. предыдущее определение "STATUS_THREAD_NOT_RUNNING"
  
C:\Program Files (x86)\Windows Kits\10\Include\10.0.26100.0\um\winnt.h(2672,9): warning C4005: STATUS_ALREADY_REGISTERED: изменение макроопределения
  (компиляция исходного файла "dllmain.cpp")
      C:\Program Files (x86)\Windows Kits\10\Include\10.0.26100.0\shared\ntstatus.h(11204,9):
      см. предыдущее определение "STATUS_ALREADY_REGISTERED"
  
C:\Program Files (x86)\Windows Kits\10\Include\10.0.26100.0\um\winnt.h(2674,9): warning C4005: STATUS_SXS_EARLY_DEACTIVATION: изменение макроопределения
  (компиляция исходного файла "dllmain.cpp")
      C:\Program Files (x86)\Windows Kits\10\Include\10.0.26100.0\shared\ntstatus.h(15299,9):
      см. предыдущее определение "STATUS_SXS_EARLY_DEACTIVATION"
  
C:\Program Files (x86)\Windows Kits\10\Include\10.0.26100.0\um\winnt.h(2675,9): warning C4005: STATUS_SXS_INVALID_DEACTIVATION: изменение макроопределения
  (компиляция исходного файла "dllmain.cpp")
      C:\Program Files (x86)\Windows Kits\10\Include\10.0.26100.0\shared\ntstatus.h(15308,9):
      см. предыдущее определение "STATUS_SXS_INVALID_DEACTIVATION"
  
LINK : fatal error C1047: Файл объекта или библиотеки "minhook\libMinHook.x64.lib" был создан в другой версии компилятора по сравнению с другими объектами, например, "x64\Release\dllmain.obj"; будет выполнено перестроение всех объектов и библиотек с использованием одной и той же версии компилятора
LINK : fatal error LNK1257: не удалось создать код
